Arguments: 
  /usr/local/bin/node /usr/local/bin/yarn upgrade @tsmean/resoruce

PATH: 
  /Library/Frameworks/Python.framework/Versions/3.4/bin:/opt/local/bin:/opt/local/sbin:/usr/local/bin:/usr/local/bin:/usr/bin:/Applications/MAMP/Library/bin:/Applications/MAMP/bin/php5.5.14/bin:/Users/Bersling/.rvm/gems/ruby-1.9.3-p547/bin:/Users/Bersling/.rvm/gems/ruby-1.9.3-p547@global/bin:/Users/Bersling/.rvm/rubies/ruby-1.9.3-p547/bin:/usr/local/bin:/usr/local/sbin:~/bin:/usr/local/bin:/usr/bin:/bin:/usr/sbin:/sbin:/opt/X11/bin:/opt/ImageMagick/bin:/Library/TeX/texbin:/Users/Bersling/.rvm/bin:/Users/Bersling/Desktop/ScalaPlay/activator-1.2.12-minimal:/Applications/writer2latex15

Yarn version: 
  0.24.5

Node version: 
  6.11.0

Platform: 
  darwin x64

npm manifest: 
  {
    "name": "@tsmean/animal",
    "version": "1.0.0",
    "description": "Animal Module",
    "main": "index.js",
    "scripts": {
      "test": "echo \"Error: no test specified\" && exit 1"
    },
    "repository": {
      "type": "git",
      "url": "git+https://github.com/bersling/animal-module.git"
    },
    "keywords": [
      "Animal",
      "Starter",
      "Kit",
      "tsmean"
    ],
    "author": "bersling@gmail.com",
    "license": "MIT",
    "bugs": {
      "url": "https://github.com/bersling/animal-module/issues"
    },
    "homepage": "https://github.com/bersling/animal-module#readme",
    "dependencies": {
      "@tsmean/resource": "^1.1.3",
      "@tsmean/utils": "^1.0.0",
      "notify-angular": "^2.0.1"
    },
    "peerDependencies": {
      "@angular/common": "^4.2.5",
      "@angular/compiler": "^4.2.5",
      "@angular/core": "^4.2.5",
      "@angular/forms": "^4.2.5",
      "@angular/http": "^4.2.5",
      "@angular/material": "^2.0.0-beta.7",
      "@angular/platform-browser": "^4.2.5",
      "@angular/platform-browser-dynamic": "^4.2.5",
      "@angular/router": "^4.2.5",
      "rxjs": "^5.4.1",
      "zone.js": "^0.8.12"
    }
  }

yarn manifest: 
  No manifest

Lockfile: 
  # THIS IS AN AUTOGENERATED FILE. DO NOT EDIT THIS FILE DIRECTLY.
  # yarn lockfile v1
  
  
  "@tsmean/resource@^1.1.3":
    version "1.1.3"
    resolved "https://registry.yarnpkg.com/@tsmean/resource/-/resource-1.1.3.tgz#10fdaef01340860bc8300b66fc9e09fcd8d524a9"
  
  "@tsmean/utils@^1.0.0":
    version "1.0.0"
    resolved "https://registry.yarnpkg.com/@tsmean/utils/-/utils-1.0.0.tgz#45f4fa40f66cc6448e27ec95cebaf0a3ed5f4f20"
  
  notify-angular@^2.0.1:
    version "2.0.1"
    resolved "https://registry.yarnpkg.com/notify-angular/-/notify-angular-2.0.1.tgz#8b000d51c49e4ac103cecd3ec1a09a18f281aac7"

Trace: 
  Error: https://registry.yarnpkg.com/@tsmean%2fresoruce: Not found
      at Request.params.callback [as _callback] (/usr/local/lib/node_modules/yarn/lib/util/request-manager.js:326:18)
      at Request.self.callback (/usr/local/lib/node_modules/yarn/node_modules/request/request.js:188:22)
      at emitTwo (events.js:106:13)
      at Request.emit (events.js:191:7)
      at Request.<anonymous> (/usr/local/lib/node_modules/yarn/node_modules/request/request.js:1171:10)
      at emitOne (events.js:96:13)
      at Request.emit (events.js:188:7)
      at IncomingMessage.<anonymous> (/usr/local/lib/node_modules/yarn/node_modules/request/request.js:1091:12)
      at IncomingMessage.g (events.js:292:16)
      at emitNone (events.js:91:20)
